2026-06-11 13:16:00,102 ERROR scheduler Skipped queueing frappe.twofactor.delete_all_barcodes_for_users because it was found in queue for library.site
2026-06-11 13:16:00,142 ERROR scheduler Skipped queueing frappe.oauth.delete_oauth2_data because it was found in queue for library.site
2026-06-11 13:16:00,154 ERROR scheduler Skipped queueing frappe.website.doctype.personal_data_deletion_request.personal_data_deletion_request.process_data_deletion_request because it was found in queue for library.site
2026-06-11 13:16:00,174 ERROR scheduler Skipped queueing frappe.desk.form.document_follow.send_hourly_updates because it was found in queue for library.site
2026-06-11 13:16:00,203 ERROR scheduler Skipped queueing frappe.desk.page.backups.backups.delete_downloadable_backups because it was found in queue for library.site
2026-06-11 13:16:00,235 ERROR scheduler Skipped queueing frappe.desk.utils.delete_old_exported_report_files because it was found in queue for library.site
2026-06-11 13:16:00,239 ERROR scheduler Skipped queueing frappe.model.utils.user_settings.sync_user_settings because it was found in queue for library.site
2026-06-11 13:16:00,245 ERROR scheduler Skipped queueing frappe.core.doctype.prepared_report.prepared_report.expire_stalled_report because it was found in queue for library.site
2026-06-11 13:16:00,251 ERROR scheduler Skipped queueing frappe.website.doctype.web_page.web_page.check_publish_status because it was found in queue for library.site
2026-06-11 13:16:00,278 ERROR scheduler Skipped queueing erpnext.utilities.bulk_transaction.retry because it was found in queue for demo.site
2026-06-11 13:16:00,295 ERROR scheduler Skipped queueing erpnext.stock.doctype.repost_item_valuation.repost_item_valuation.repost_entries because it was found in queue for demo.site
2026-06-11 13:16:00,299 ERROR scheduler Skipped queueing frappe.twofactor.delete_all_barcodes_for_users because it was found in queue for demo.site
2026-06-11 13:16:00,307 ERROR scheduler Skipped queueing frappe.email.doctype.notification.notification.trigger_offset_alerts because it was found in queue for demo.site
2026-06-11 13:16:00,322 ERROR scheduler Skipped queueing frappe.search.sqlite_search.build_index_if_not_exists because it was found in queue for demo.site
2026-06-11 13:16:00,333 ERROR scheduler Skipped queueing erpnext.erpnext_integrations.doctype.plaid_settings.plaid_settings.automatic_synchronization because it was found in queue for demo.site
2026-06-11 13:16:00,338 ERROR scheduler Skipped queueing frappe.model.utils.user_settings.sync_user_settings because it was found in queue for demo.site
2026-06-11 13:16:00,343 ERROR scheduler Skipped queueing frappe.email.doctype.email_account.email_account.pull because it was found in queue for demo.site
2026-06-11 13:16:00,347 ERROR scheduler Skipped queueing frappe.desk.form.document_follow.send_hourly_updates because it was found in queue for demo.site
2026-06-11 13:16:00,352 ERROR scheduler Skipped queueing frappe.desk.page.backups.backups.delete_downloadable_backups because it was found in queue for demo.site
2026-06-11 13:16:00,369 ERROR scheduler Skipped queueing frappe.website.doctype.personal_data_deletion_request.personal_data_deletion_request.process_data_deletion_request because it was found in queue for demo.site
2026-06-11 13:16:00,379 ERROR scheduler Skipped queueing frappe.integrations.doctype.google_calendar.google_calendar.sync because it was found in queue for demo.site
2026-06-11 13:16:00,385 ERROR scheduler Skipped queueing frappe.website.doctype.web_page.web_page.check_publish_status because it was found in queue for demo.site
2026-06-11 13:16:00,392 ERROR scheduler Skipped queueing frappe.oauth.delete_oauth2_data because it was found in queue for demo.site
2026-06-11 13:16:00,398 ERROR scheduler Skipped queueing erpnext.projects.doctype.project.project.hourly_reminder because it was found in queue for demo.site
2026-06-11 13:16:00,402 ERROR scheduler Skipped queueing erpnext.projects.doctype.project.project.project_status_update_reminder because it was found in queue for demo.site
2026-06-11 13:16:00,411 ERROR scheduler Skipped queueing frappe.desk.utils.delete_old_exported_report_files because it was found in queue for demo.site
2026-06-11 13:16:00,416 ERROR scheduler Skipped queueing erpnext.utilities.doctype.video.video.update_youtube_data because it was found in queue for demo.site
2026-06-11 13:16:00,420 ERROR scheduler Skipped queueing frappe.email.queue.flush because it was found in queue for demo.site
2026-06-11 13:16:00,426 ERROR scheduler Skipped queueing frappe.core.doctype.prepared_report.prepared_report.expire_stalled_report because it was found in queue for demo.site
2026-06-11 13:16:00,443 ERROR scheduler Skipped queueing erpnext.projects.doctype.project.project.collect_project_status because it was found in queue for demo.site
2026-06-11 13:16:00,448 ERROR scheduler Skipped queueing frappe.monitor.flush because it was found in queue for demo.site
2026-06-11 13:16:00,452 ERROR scheduler Skipped queueing frappe.utils.telemetry.pulse.client.send_queued_events because it was found in queue for demo.site
